# JRE version: Java(TM) SE Runtime Environment 18.9 (11.0.8+10) (build 11.0.8+10-LTS)
# Java VM: Java HotSpot(TM) 64-Bit Server VM 18.9 (11.0.8+10-LTS, mixed mode, tiered, compressed oops, parallel gc, windows-amd64)
Heap:
 PSYoungGen      total 5632K, used 4314K [0x00000000eab00000, 0x00000000eb580000, 0x0000000100000000)
  eden space 5120K, 74% used [0x00000000eab00000,0x00000000eaeb6a38,0x00000000eb000000)
  from space 512K, 100% used [0x00000000eb500000,0x00000000eb580000,0x00000000eb580000)
  to   space 1024K, 0% used [0x00000000eb380000,0x00000000eb380000,0x00000000eb480000)
 ParOldGen       total 141312K, used 133063K [0x00000000c0000000, 0x00000000c8a00000, 0x00000000eab00000)
  object space 141312K, 94% used [0x00000000c0000000,0x00000000c81f1fb8,0x00000000c8a00000)
 Metaspace       used 89285K, capacity 93225K, committed 93528K, reserved 1132544K
  class space    used 8302K, capacity 9718K, committed 9816K, reserved 1048576K
GC Heap History (10 events):
Event: 1624.306 GC heap before
{Heap before GC invocations=2091 (full 49):
 PSYoungGen      total 5632K, used 4351K [0x00000000eab00000, 0x00000000eb580000, 0x0000000100000000)
  eden space 5120K, 81% used [0x00000000eab00000,0x00000000eaf11320,0x00000000eb000000)
  from space 512K, 36% used [0x00000000eb480000,0x00000000eb4ae900,0x00000000eb500000)
  to   space 512K, 0% used [0x00000000eb500000,0x00000000eb500000,0x00000000eb580000)
 ParOldGen       total 141312K, used 132835K [0x00000000c0000000, 0x00000000c8a00000, 0x00000000eab00000)
  object space 141312K, 94% used [0x00000000c0000000,0x00000000c81b8f48,0x00000000c8a00000)
 Metaspace       used 89271K, capacity 93225K, committed 93528K, reserved 1132544K
  class space    used 8302K, capacity 9718K, committed 9816K, reserved 1048576K
}
Event: 1624.307 GC heap after
{Heap after GC invocations=2091 (full 49):
 PSYoungGen      total 5632K, used 346K [0x00000000eab00000, 0x00000000eb580000, 0x0000000100000000)
  eden space 5120K, 0% used [0x00000000eab00000,0x00000000eab00000,0x00000000eb000000)
  from space 512K, 67% used [0x00000000eb500000,0x00000000eb556900,0x00000000eb580000)
  to   space 512K, 0% used [0x00000000eb480000,0x00000000eb480000,0x00000000eb500000)
 ParOldGen       total 141312K, used 132851K [0x00000000c0000000, 0x00000000c8a00000, 0x00000000eab00000)
  object space 141312K, 94% used [0x00000000c0000000,0x00000000c81bcf48,0x00000000c8a00000)
 Metaspace       used 89271K, capacity 93225K, committed 93528K, reserved 1132544K
  class space    used 8302K, capacity 9718K, committed 9816K, reserved 1048576K
}
Event: 1624.315 GC heap before
{Heap before GC invocations=2092 (full 49):
 PSYoungGen      total 5632K, used 5406K [0x00000000eab00000, 0x00000000eb580000, 0x0000000100000000)
  eden space 5120K, 98% used [0x00000000eab00000,0x00000000eaff1040,0x00000000eb000000)
  from space 512K, 67% used [0x00000000eb500000,0x00000000eb556900,0x00000000eb580000)
  to   space 512K, 0% used [0x00000000eb480000,0x00000000eb480000,0x00000000eb500000)
 ParOldGen       total 141312K, used 132851K [0x00000000c0000000, 0x00000000c8a00000, 0x00000000eab00000)
  object space 141312K, 94% used [0x00000000c0000000,0x00000000c81bcf48,0x00000000c8a00000)
 Metaspace       used 89271K, capacity 93225K, committed 93528K, reserved 1132544K
  class space    used 8302K, capacity 9718K, committed 9816K, reserved 1048576K
}
Event: 1624.316 GC heap after
{Heap after GC invocations=2092 (full 49):
 PSYoungGen      total 5632K, used 224K [0x00000000eab00000, 0x00000000eb580000, 0x0000000100000000)
  eden space 5120K, 0% used [0x00000000eab00000,0x00000000eab00000,0x00000000eb000000)
  from space 512K, 43% used [0x00000000eb480000,0x00000000eb4b8000,0x00000000eb500000)
  to   space 512K, 0% used [0x00000000eb500000,0x00000000eb500000,0x00000000eb580000)
 ParOldGen       total 141312K, used 132923K [0x00000000c0000000, 0x00000000c8a00000, 0x00000000eab00000)
  object space 141312K, 94% used [0x00000000c0000000,0x00000000c81cef48,0x00000000c8a00000)
 Metaspace       used 89271K, capacity 93225K, committed 93528K, reserved 1132544K
  class space    used 8302K, capacity 9718K, committed 9816K, reserved 1048576K
}
Event: 1624.324 GC heap before
{Heap before GC invocations=2093 (full 49):
 PSYoungGen      total 5632K, used 5198K [0x00000000eab00000, 0x00000000eb580000, 0x0000000100000000)
  eden space 5120K, 97% used [0x00000000eab00000,0x00000000eafdba00,0x00000000eb000000)
  from space 512K, 43% used [0x00000000eb480000,0x00000000eb4b8000,0x00000000eb500000)
  to   space 512K, 0% used [0x00000000eb500000,0x00000000eb500000,0x00000000eb580000)
 ParOldGen       total 141312K, used 132923K [0x00000000c0000000, 0x00000000c8a00000, 0x00000000eab00000)
  object space 141312K, 94% used [0x00000000c0000000,0x00000000c81cef48,0x00000000c8a00000)
 Metaspace       used 89271K, capacity 93225K, committed 93528K, reserved 1132544K
  class space    used 8302K, capacity 9718K, committed 9816K, reserved 1048576K
}
Event: 1624.325 GC heap after
{Heap after GC invocations=2093 (full 49):
 PSYoungGen      total 5632K, used 244K [0x00000000eab00000, 0x00000000eb580000, 0x0000000100000000)
  eden space 5120K, 0% used [0x00000000eab00000,0x00000000eab00000,0x00000000eb000000)
  from space 512K, 47% used [0x00000000eb500000,0x00000000eb53d200,0x00000000eb580000)
  to   space 512K, 0% used [0x00000000eb480000,0x00000000eb480000,0x00000000eb500000)
 ParOldGen       total 141312K, used 132947K [0x00000000c0000000, 0x00000000c8a00000, 0x00000000eab00000)
  object space 141312K, 94% used [0x00000000c0000000,0x00000000c81d4f48,0x00000000c8a00000)
 Metaspace       used 89271K, capacity 93225K, committed 93528K, reserved 1132544K
  class space    used 8302K, capacity 9718K, committed 9816K, reserved 1048576K
}
Event: 1624.638 GC heap before
{Heap before GC invocations=2094 (full 49):
 PSYoungGen      total 5632K, used 5364K [0x00000000eab00000, 0x00000000eb580000, 0x0000000100000000)
  eden space 5120K, 100% used [0x00000000eab00000,0x00000000eb000000,0x00000000eb000000)
  from space 512K, 47% used [0x00000000eb500000,0x00000000eb53d200,0x00000000eb580000)
  to   space 512K, 0% used [0x00000000eb480000,0x00000000eb480000,0x00000000eb500000)
 ParOldGen       total 141312K, used 132947K [0x00000000c0000000, 0x00000000c8a00000, 0x00000000eab00000)
  object space 141312K, 94% used [0x00000000c0000000,0x00000000c81d4f48,0x00000000c8a00000)
 Metaspace       used 89271K, capacity 93225K, committed 93528K, reserved 1132544K
  class space    used 8302K, capacity 9718K, committed 9816K, reserved 1048576K
}
Event: 1624.662 GC heap after
{Heap after GC invocations=2094 (full 49):
 PSYoungGen      total 5632K, used 64K [0x00000000eab00000, 0x00000000eb580000, 0x0000000100000000)
  eden space 5120K, 0% used [0x00000000eab00000,0x00000000eab00000,0x00000000eb000000)
  from space 512K, 12% used [0x00000000eb480000,0x00000000eb490000,0x00000000eb500000)
  to   space 512K, 0% used [0x00000000eb500000,0x00000000eb500000,0x00000000eb580000)
 ParOldGen       total 141312K, used 132959K [0x00000000c0000000, 0x00000000c8a00000, 0x00000000eab00000)
  object space 141312K, 94% used [0x00000000c0000000,0x00000000c81d7f98,0x00000000c8a00000)
 Metaspace       used 89271K, capacity 93225K, committed 93528K, reserved 1132544K
  class space    used 8302K, capacity 9718K, committed 9816K, reserved 1048576K
}
Event: 1624.672 GC heap before
{Heap before GC invocations=2095 (full 49):
 PSYoungGen      total 5632K, used 5184K [0x00000000eab00000, 0x00000000eb580000, 0x0000000100000000)
  eden space 5120K, 100% used [0x00000000eab00000,0x00000000eb000000,0x00000000eb000000)
  from space 512K, 12% used [0x00000000eb480000,0x00000000eb490000,0x00000000eb500000)
  to   space 512K, 0% used [0x00000000eb500000,0x00000000eb500000,0x00000000eb580000)
 ParOldGen       total 141312K, used 132959K [0x00000000c0000000, 0x00000000c8a00000, 0x00000000eab00000)
  object space 141312K, 94% used [0x00000000c0000000,0x00000000c81d7f98,0x00000000c8a00000)
 Metaspace       used 89277K, capacity 93225K, committed 93528K, reserved 1132544K
  class space    used 8302K, capacity 9718K, committed 9816K, reserved 1048576K
}
Event: 1624.673 GC heap after
{Heap after GC invocations=2095 (full 49):
 PSYoungGen      total 5632K, used 512K [0x00000000eab00000, 0x00000000eb580000, 0x0000000100000000)
  eden space 5120K, 0% used [0x00000000eab00000,0x00000000eab00000,0x00000000eb000000)
  from space 512K, 100% used [0x00000000eb500000,0x00000000eb580000,0x00000000eb580000)
  to   space 1024K, 0% used [0x00000000eb380000,0x00000000eb380000,0x00000000eb480000)
 ParOldGen       total 141312K, used 133063K [0x00000000c0000000, 0x00000000c8a00000, 0x00000000eab00000)
  object space 141312K, 94% used [0x00000000c0000000,0x00000000c81f1fb8,0x00000000c8a00000)
 Metaspace       used 89277K, capacity 93225K, committed 93528K, reserved 1132544K
  class space    used 8302K, capacity 9718K, committed 9816K, reserved 1048576K
}

